<?xml version="1.0" encoding="UTF-8"?>
<!-- Generated by org.testng.reporters.JUnitReportReporter -->
<testsuite hostname="ISCTST081L" failures="0" tests="1" name="episode27.Crick" time="86.350" errors="0" timestamp="2022-05-29T10:57:34 IST" skipped="0">
  <testcase classname="episode27.Crick" name="main" time="86.350"/>
  <system-out/>
</testsuite> <!-- episode27.Crick -->
