<?xml version="1.0" encoding="UTF-8"?>
<!-- Generated by org.testng.reporters.JUnitReportReporter -->
<testsuite hostname="ISCTST081L" failures="0" tests="3" name="testNGBasic.Arrtibute4" time="0.008" errors="0" timestamp="2022-05-29T14:57:32 IST" skipped="1">
  <testcase classname="testNGBasic.Arrtibute4" name="Homepage" time="0.007"/>
  <system-out/>
  <testcase classname="testNGBasic.Arrtibute4" name="Login" time="0.001"/>
  <system-out/>
  <testcase classname="testNGBasic.Arrtibute4" name="Signup">
    <skipped/>
  </testcase> <!-- Signup -->
  <system-out/>
</testsuite> <!-- testNGBasic.Arrtibute4 -->
