<?xml version="1.0" encoding="UTF-8"?>
<!-- Generated by org.testng.reporters.JUnitReportReporter -->
<testsuite hostname="ISCTST081L" failures="0" tests="1" name="testNGBasic.Groups" time="0.008" errors="0" timestamp="2022-05-29T15:06:47 IST" skipped="0">
  <testcase classname="testNGBasic.Groups" name="Signup" time="0.008"/>
  <system-out/>
</testsuite> <!-- testNGBasic.Groups -->
