<?xml version="1.0" encoding="UTF-8"?>
<!-- Generated by org.testng.reporters.JUnitReportReporter -->
<testsuite hostname="ISCTST081L" failures="0" tests="1" name="Abstract_Class_Methods.Hey" time="0.007" errors="0" timestamp="2022-05-26T21:58:53 IST" skipped="0">
  <testcase classname="Abstract_Class_Methods.Hey" name="get" time="0.007"/>
  <system-out/>
</testsuite> <!-- Abstract_Class_Methods.Hey -->
