<?xml version="1.0" encoding="UTF-8"?>
<!-- Generated by org.testng.reporters.JUnitReportReporter -->
<testsuite hostname="ISCTST081L" failures="0" tests="5" name="testNGBasic.testNGdependOnMethod" time="0.011" errors="0" timestamp="2022-05-29T14:53:53 IST" skipped="1">
  <testcase classname="testNGBasic.testNGdependOnMethod" name="Homepage" time="0.001"/>
  <system-out/>
  <testcase classname="testNGBasic.testNGdependOnMethod" name="Login" time="0.008"/>
  <system-out/>
  <testcase classname="testNGBasic.testNGdependOnMethod" name="Navigate_Bill" time="0.002"/>
  <system-out/>
  <testcase classname="testNGBasic.testNGdependOnMethod" name="Bill_Screen" time="0.000"/>
  <system-out/>
  <testcase classname="testNGBasic.testNGdependOnMethod" name="Signup">
    <skipped/>
  </testcase> <!-- Signup -->
  <system-out/>
</testsuite> <!-- testNGBasic.testNGdependOnMethod -->
