<?xml version="1.0" encoding="UTF-8"?>
<!-- Generated by org.testng.reporters.JUnitReportReporter -->
<testsuite hostname="ISCTST081L" failures="0" tests="1" name="testNGBasic.Crick" time="124.647" errors="0" timestamp="2022-05-29T11:02:43 IST" skipped="0">
  <testcase classname="testNGBasic.Crick" name="main" time="124.647"/>
  <system-out/>
</testsuite> <!-- testNGBasic.Crick -->
