<?xml version="1.0" encoding="UTF-8"?>
<!-- Generated by org.testng.reporters.JUnitReportReporter -->
<testsuite hostname="ISCTST081L" failures="0" tests="1" name="testNGBasic.dataprovider_Part1" time="11.969" errors="0" timestamp="2022-05-30T21:23:08 IST" skipped="0">
  <testcase classname="testNGBasic.dataprovider_Part1" name="main" time="11.969"/>
  <system-out/>
</testsuite> <!-- testNGBasic.dataprovider_Part1 -->
