<?xml version="1.0" encoding="UTF-8"?>
<!-- Generated by org.testng.reporters.JUnitReportReporter -->
<testsuite hostname="ISCTST081L" failures="0" tests="1" name="episode1.Footballclass" time="4.712" errors="0" timestamp="2022-05-29T10:57:33 IST" skipped="0">
  <testcase classname="episode1.Footballclass" name="main" time="4.712"/>
  <system-out/>
</testsuite> <!-- episode1.Footballclass -->
