<?xml version="1.0" encoding="UTF-8"?>
<!-- Generated by org.testng.reporters.JUnitReportReporter -->
<testsuite hostname="ISCTST081L" failures="0" tests="5" name="testNGBasic.Arrtibute_Priority" time="0.010" errors="0" timestamp="2022-05-29T14:46:34 IST" skipped="0">
  <testcase classname="testNGBasic.Arrtibute_Priority" name="Bill_Screen" time="0.006"/>
  <system-out/>
  <testcase classname="testNGBasic.Arrtibute_Priority" name="Login" time="0.001"/>
  <system-out/>
  <testcase classname="testNGBasic.Arrtibute_Priority" name="Signup" time="0.001"/>
  <system-out/>
  <testcase classname="testNGBasic.Arrtibute_Priority" name="Homepage" time="0.001"/>
  <system-out/>
  <testcase classname="testNGBasic.Arrtibute_Priority" name="Navigate_Bill" time="0.001"/>
  <system-out/>
</testsuite> <!-- testNGBasic.Arrtibute_Priority -->
