<?xml version="1.0" encoding="UTF-8"?>
<!-- Generated by org.testng.reporters.JUnitReportReporter -->
<testsuite hostname="ISCTST081L" failures="0" tests="3" name="testNGBasic.invocation" time="36.740" errors="0" timestamp="2022-05-29T15:02:07 IST" skipped="0">
  <testcase classname="testNGBasic.invocation" name="main" time="11.997"/>
  <system-out/>
  <testcase classname="testNGBasic.invocation" name="main" time="12.210"/>
  <system-out/>
  <testcase classname="testNGBasic.invocation" name="main" time="12.533"/>
  <system-out/>
</testsuite> <!-- testNGBasic.invocation -->
