<?xml version="1.0" encoding="UTF-8"?>
<!-- Generated by org.testng.reporters.JUnitReportReporter -->
<testsuite hostname="ISCTST081L" failures="0" tests="1" name="testNGBasic.Parameterized" time="10.429" errors="0" timestamp="2022-05-29T15:48:57 IST" skipped="0">
  <testcase classname="testNGBasic.Parameterized" name="main" time="10.429"/>
  <system-out/>
</testsuite> <!-- testNGBasic.Parameterized -->
