<?xml version="1.0" encoding="UTF-8"?>
<!-- Generated by org.testng.reporters.JUnitReportReporter -->
<testsuite hostname="ISCTST081L" failures="0" tests="1" name="testNGBasic.Footballclass" time="8.033" errors="0" timestamp="2022-05-29T11:02:43 IST" skipped="0">
  <testcase classname="testNGBasic.Footballclass" name="main" time="8.033"/>
  <system-out/>
</testsuite> <!-- testNGBasic.Footballclass -->
